build/app/intermediates/manifest_merge_blame_file/debug/manifest-merger-blame-debug-report.txt
1<?xml version="1.0" encoding="utf-8"?>
2<manifest xmlns:android="http://schemas.android.com/apk/res/android"
3    package="com.example.t"
4    android:versionCode="1"
5    android:versionName="1.0.0" >
6
7    <uses-sdk
8        android:minSdkVersion="16"
9        android:targetSdkVersion="30" />
10    <!--
11         Flutter needs it to communicate with the running application
12         to allow setting breakpoints, to provide hot reload, etc.
13    -->
14    <uses-permission android:name="android.permission.INTERNET" />
14-->src/debug/AndroidManifest.xml:6:5-66
14-->src/debug/AndroidManifest.xml:6:22-64
15    <!--
16     <meta-data
17          android:name="com.example.t"
18          android:value="9cbe58696054e13af8b1af03b3b83116" />
19    -->
20    <application
20-->src/main/AndroidManifest.xml:3:4-44:19
21        android:name="androidx.multidex.MultiDexApplication"
22        android:appComponentFactory="androidx.core.app.CoreComponentFactory"
22-->[androidx.core:core:1.1.0] AndroidManifest.xml:24:18-86
23        android:debuggable="true"
24        android:icon="@mipmap/ic_launcher"
24-->src/main/AndroidManifest.xml:5:9-43
25        android:label="t" >
25-->src/main/AndroidManifest.xml:4:9-26
26        <activity
26-->src/main/AndroidManifest.xml:6:9-34:20
27            android:name="com.example.t.MainActivity"
27-->src/main/AndroidManifest.xml:7:13-41
28            android:configChanges="orientation|keyboardHidden|keyboard|screenSize|smallestScreenSize|locale|layoutDirection|fontScale|screenLayout|density|uiMode"
28-->src/main/AndroidManifest.xml:10:13-163
29            android:hardwareAccelerated="true"
29-->src/main/AndroidManifest.xml:11:13-47
30            android:launchMode="singleTop"
30-->src/main/AndroidManifest.xml:8:13-43
31            android:theme="@style/LaunchTheme"
31-->src/main/AndroidManifest.xml:9:13-47
32            android:windowSoftInputMode="adjustResize" >
32-->src/main/AndroidManifest.xml:12:13-55
33
34            <!--
35                 Specifies an Android theme to apply to this Activity as soon as
36                 the Android process has started. This theme is visible to the user
37                 while the Flutter UI initializes. After that, this theme continues
38                 to determine the Window background behind the Flutter UI.
39            -->
40            <meta-data
40-->src/main/AndroidManifest.xml:17:13-20:17
41                android:name="io.flutter.embedding.android.NormalTheme"
41-->src/main/AndroidManifest.xml:18:15-70
42                android:resource="@style/NormalTheme" />
42-->src/main/AndroidManifest.xml:19:15-52
43            <!--
44                 Displays an Android View that continues showing the launch screen
45                 Drawable until Flutter paints its first frame, then this splash
46                 screen fades out. A splash screen is useful to avoid any visual
47                 gap between the end of Android's launch screen and the painting of
48                 Flutter's first frame.
49            -->
50            <meta-data
50-->src/main/AndroidManifest.xml:26:13-29:17
51                android:name="io.flutter.embedding.android.SplashScreenDrawable"
51-->src/main/AndroidManifest.xml:27:15-79
52                android:resource="@drawable/launch_background" />
52-->src/main/AndroidManifest.xml:28:15-61
53
54            <intent-filter>
54-->src/main/AndroidManifest.xml:30:13-33:29
55                <action android:name="android.intent.action.MAIN" />
55-->src/main/AndroidManifest.xml:31:17-68
55-->src/main/AndroidManifest.xml:31:25-66
56
57                <category android:name="android.intent.category.LAUNCHER" />
57-->src/main/AndroidManifest.xml:32:17-76
57-->src/main/AndroidManifest.xml:32:27-74
58            </intent-filter>
59        </activity>
60        <!--
61             Don't delete the meta-data below.
62             This is used by the Flutter tool to generate GeneratedPluginRegistrant.java
63        -->
64        <meta-data
64-->src/main/AndroidManifest.xml:37:9-39:33
65            android:name="flutterEmbedding"
65-->src/main/AndroidManifest.xml:38:13-44
66            android:value="2" />
66-->src/main/AndroidManifest.xml:39:13-30
67        <meta-data
67-->src/main/AndroidManifest.xml:40:9-42:62
68            android:name="com.amap.api.v2.apikey"
68-->src/main/AndroidManifest.xml:41:11-48
69            android:value="9cbe58696054e13af8b1af03b3b83116" />
69-->src/main/AndroidManifest.xml:42:11-59
70    </application>
71
72</manifest>